<?xml version="1.0" encoding="UTF-8"?>
<testsuite name="cavaloTest" tests="1" skipped="0" failures="0" errors="0" timestamp="2022-08-25T17:27:32" hostname="DESKTOP-K4VKNE4" time="0.026">
  <properties/>
  <testcase name="som()" classname="cavaloTest" time="0.026"/>
  <system-out><![CDATA[miau
]]></system-out>
  <system-err><![CDATA[]]></system-err>
</testsuite>
